<?xml version="1.0" encoding="UTF-8"?>
<!-- Generated by org.testng.reporters.JUnitReportReporter -->
<testsuite hostname="LP-TZD-5x45745" failures="0" tests="3" name="RestAPITesting.GET_User" time="7.744" errors="0" timestamp="2026-01-30T16:20:17 IST" skipped="0">
  <testcase classname="RestAPITesting.GET_User" name="getuser" time="0.759"/>
  <testcase classname="RestAPITesting.GET_User" name="get2user" time="6.234"/>
  <testcase classname="RestAPITesting.GET_User" name="get3user" time="0.751"/>
</testsuite> <!-- RestAPITesting.GET_User -->
